<?xml version="1.0" encoding="UTF-8"?>
<testsuite xmlns:xsi="http://www.w3.org/2001/XMLSchema-instance" xsi:noNamespaceSchemaLocation="https://maven.apache.org/surefire/maven-surefire-plugin/xsd/surefire-test-report.xsd" name="net.javaguides.springboot.api.UserControllerTest" time="0.001" tests="1" errors="0" skipped="0" failures="0">
  <properties>
    <property name="sun.desktop" value="windows"/>
    <property name="awt.toolkit" value="sun.awt.windows.WToolkit"/>
    <property name="file.encoding.pkg" value="sun.io"/>
    <property name="java.specification.version" value="1.8"/>
    <property name="sun.cpu.isalist" value="amd64"/>
    <property name="sun.jnu.encoding" value="Cp1252"/>
    <property name="java.class.path" value="C:\Users\90542\eclipse-workspace\ChatExampleSpringBootJava\target\test-classes;C:\Users\90542\eclipse-workspace\ChatExampleSpringBootJava\target\classes;C:\Users\90542\.m2\repository\org\springframework\boot\spring-boot-starter-amqp\2.3.8.BUILD-SNAPSHOT\spring-boot-starter-amqp-2.3.8.BUILD-SNAPSHOT.jar;C:\Users\90542\.m2\repository\org\springframework\boot\spring-boot-starter\2.3.8.BUILD-SNAPSHOT\spring-boot-starter-2.3.8.BUILD-SNAPSHOT.jar;C:\Users\90542\.m2\repository\org\springframework\boot\spring-boot-starter-logging\2.3.8.BUILD-SNAPSHOT\spring-boot-starter-logging-2.3.8.BUILD-SNAPSHOT.jar;C:\Users\90542\.m2\repository\ch\qos\logback\logback-classic\1.2.3\logback-classic-1.2.3.jar;C:\Users\90542\.m2\repository\ch\qos\logback\logback-core\1.2.3\logback-core-1.2.3.jar;C:\Users\90542\.m2\repository\org\apache\logging\log4j\log4j-to-slf4j\2.13.3\log4j-to-slf4j-2.13.3.jar;C:\Users\90542\.m2\repository\org\apache\logging\log4j\log4j-api\2.13.3\log4j-api-2.13.3.jar;C:\Users\90542\.m2\repository\org\slf4j\jul-to-slf4j\1.7.30\jul-to-slf4j-1.7.30.jar;C:\Users\90542\.m2\repository\jakarta\annotation\jakarta.annotation-api\1.3.5\jakarta.annotation-api-1.3.5.jar;C:\Users\90542\.m2\repository\org\yaml\snakeyaml\1.26\snakeyaml-1.26.jar;C:\Users\90542\.m2\repository\org\springframework\spring-messaging\5.2.12.RELEASE\spring-messaging-5.2.12.RELEASE.jar;C:\Users\90542\.m2\repository\org\springframework\spring-beans\5.2.12.RELEASE\spring-beans-5.2.12.RELEASE.jar;C:\Users\90542\.m2\repository\org\springframework\amqp\spring-rabbit\2.2.13.RELEASE\spring-rabbit-2.2.13.RELEASE.jar;C:\Users\90542\.m2\repository\com\rabbitmq\amqp-client\5.9.0\amqp-client-5.9.0.jar;C:\Users\90542\.m2\repository\org\springframework\amqp\spring-amqp\2.2.13.RELEASE\spring-amqp-2.2.13.RELEASE.jar;C:\Users\90542\.m2\repository\org\springframework\spring-context\5.2.12.RELEASE\spring-context-5.2.12.RELEASE.jar;C:\Users\90542\.m2\repository\org\springframework\spring-tx\5.2.12.RELEASE\spring-tx-5.2.12.RELEASE.jar;C:\Users\90542\.m2\repository\org\springframework\boot\spring-boot-starter-data-jpa\2.3.8.BUILD-SNAPSHOT\spring-boot-starter-data-jpa-2.3.8.BUILD-SNAPSHOT.jar;C:\Users\90542\.m2\repository\org\springframework\boot\spring-boot-starter-aop\2.3.8.BUILD-SNAPSHOT\spring-boot-starter-aop-2.3.8.BUILD-SNAPSHOT.jar;C:\Users\90542\.m2\repository\org\aspectj\aspectjweaver\1.9.6\aspectjweaver-1.9.6.jar;C:\Users\90542\.m2\repository\org\springframework\boot\spring-boot-starter-jdbc\2.3.8.BUILD-SNAPSHOT\spring-boot-starter-jdbc-2.3.8.BUILD-SNAPSHOT.jar;C:\Users\90542\.m2\repository\com\zaxxer\HikariCP\3.4.5\HikariCP-3.4.5.jar;C:\Users\90542\.m2\repository\org\springframework\spring-jdbc\5.2.12.RELEASE\spring-jdbc-5.2.12.RELEASE.jar;C:\Users\90542\.m2\repository\jakarta\transaction\jakarta.transaction-api\1.3.3\jakarta.transaction-api-1.3.3.jar;C:\Users\90542\.m2\repository\jakarta\persistence\jakarta.persistence-api\2.2.3\jakarta.persistence-api-2.2.3.jar;C:\Users\90542\.m2\repository\org\hibernate\hibernate-core\5.4.27.Final\hibernate-core-5.4.27.Final.jar;C:\Users\90542\.m2\repository\org\jboss\logging\jboss-logging\3.4.1.Final\jboss-logging-3.4.1.Final.jar;C:\Users\90542\.m2\repository\org\javassist\javassist\3.27.0-GA\javassist-3.27.0-GA.jar;C:\Users\90542\.m2\repository\net\bytebuddy\byte-buddy\1.10.19\byte-buddy-1.10.19.jar;C:\Users\90542\.m2\repository\antlr\antlr\2.7.7\antlr-2.7.7.jar;C:\Users\90542\.m2\repository\org\jboss\jandex\2.1.3.Final\jandex-2.1.3.Final.jar;C:\Users\90542\.m2\repository\com\fasterxml\classmate\1.5.1\classmate-1.5.1.jar;C:\Users\90542\.m2\repository\org\dom4j\dom4j\2.1.3\dom4j-2.1.3.jar;C:\Users\90542\.m2\repository\org\hibernate\common\hibernate-commons-annotations\5.1.2.Final\hibernate-commons-annotations-5.1.2.Final.jar;C:\Users\90542\.m2\repository\org\glassfish\jaxb\jaxb-runtime\2.3.3\jaxb-runtime-2.3.3.jar;C:\Users\90542\.m2\repository\org\glassfish\jaxb\txw2\2.3.3\txw2-2.3.3.jar;C:\Users\90542\.m2\repository\com\sun\istack\istack-commons-runtime\3.0.11\istack-commons-runtime-3.0.11.jar;C:\Users\90542\.m2\repository\com\sun\activation\jakarta.activation\1.2.2\jakarta.activation-1.2.2.jar;C:\Users\90542\.m2\repository\org\springframework\data\spring-data-jpa\2.3.6.RELEASE\spring-data-jpa-2.3.6.RELEASE.jar;C:\Users\90542\.m2\repository\org\springframework\data\spring-data-commons\2.3.6.RELEASE\spring-data-commons-2.3.6.RELEASE.jar;C:\Users\90542\.m2\repository\org\springframework\spring-aspects\5.2.12.RELEASE\spring-aspects-5.2.12.RELEASE.jar;C:\Users\90542\.m2\repository\org\springframework\boot\spring-boot-starter-integration\2.3.8.BUILD-SNAPSHOT\spring-boot-starter-integration-2.3.8.BUILD-SNAPSHOT.jar;C:\Users\90542\.m2\repository\org\springframework\integration\spring-integration-core\5.3.4.RELEASE\spring-integration-core-5.3.4.RELEASE.jar;C:\Users\90542\.m2\repository\org\springframework\retry\spring-retry\1.2.5.RELEASE\spring-retry-1.2.5.RELEASE.jar;C:\Users\90542\.m2\repository\org\springframework\boot\spring-boot-starter-rsocket\2.3.8.BUILD-SNAPSHOT\spring-boot-starter-rsocket-2.3.8.BUILD-SNAPSHOT.jar;C:\Users\90542\.m2\repository\org\springframework\boot\spring-boot-starter-json\2.3.8.BUILD-SNAPSHOT\spring-boot-starter-json-2.3.8.BUILD-SNAPSHOT.jar;C:\Users\90542\.m2\repository\com\fasterxml\jackson\core\jackson-databind\2.11.4\jackson-databind-2.11.4.jar;C:\Users\90542\.m2\repository\com\fasterxml\jackson\datatype\jackson-datatype-jdk8\2.11.4\jackson-datatype-jdk8-2.11.4.jar;C:\Users\90542\.m2\repository\com\fasterxml\jackson\datatype\jackson-datatype-jsr310\2.11.4\jackson-datatype-jsr310-2.11.4.jar;C:\Users\90542\.m2\repository\com\fasterxml\jackson\module\jackson-module-parameter-names\2.11.4\jackson-module-parameter-names-2.11.4.jar;C:\Users\90542\.m2\repository\org\springframework\boot\spring-boot-starter-reactor-netty\2.3.8.BUILD-SNAPSHOT\spring-boot-starter-reactor-netty-2.3.8.BUILD-SNAPSHOT.jar;C:\Users\90542\.m2\repository\io\projectreactor\netty\reactor-netty\0.9.16.RELEASE\reactor-netty-0.9.16.RELEASE.jar;C:\Users\90542\.m2\repository\io\netty\netty-codec-http\4.1.56.Final\netty-codec-http-4.1.56.Final.jar;C:\Users\90542\.m2\repository\io\netty\netty-transport\4.1.56.Final\netty-transport-4.1.56.Final.jar;C:\Users\90542\.m2\repository\io\netty\netty-codec\4.1.56.Final\netty-codec-4.1.56.Final.jar;C:\Users\90542\.m2\repository\io\netty\netty-codec-http2\4.1.56.Final\netty-codec-http2-4.1.56.Final.jar;C:\Users\90542\.m2\repository\io\netty\netty-handler\4.1.56.Final\netty-handler-4.1.56.Final.jar;C:\Users\90542\.m2\repository\io\netty\netty-resolver\4.1.56.Final\netty-resolver-4.1.56.Final.jar;C:\Users\90542\.m2\repository\io\netty\netty-handler-proxy\4.1.56.Final\netty-handler-proxy-4.1.56.Final.jar;C:\Users\90542\.m2\repository\io\netty\netty-codec-socks\4.1.56.Final\netty-codec-socks-4.1.56.Final.jar;C:\Users\90542\.m2\repository\io\netty\netty-transport-native-epoll\4.1.56.Final\netty-transport-native-epoll-4.1.56.Final-linux-x86_64.jar;C:\Users\90542\.m2\repository\io\netty\netty-transport-native-unix-common\4.1.56.Final\netty-transport-native-unix-common-4.1.56.Final.jar;C:\Users\90542\.m2\repository\com\fasterxml\jackson\dataformat\jackson-dataformat-cbor\2.11.4\jackson-dataformat-cbor-2.11.4.jar;C:\Users\90542\.m2\repository\io\rsocket\rsocket-core\1.0.3\rsocket-core-1.0.3.jar;C:\Users\90542\.m2\repository\io\netty\netty-buffer\4.1.56.Final\netty-buffer-4.1.56.Final.jar;C:\Users\90542\.m2\repository\io\netty\netty-common\4.1.56.Final\netty-common-4.1.56.Final.jar;C:\Users\90542\.m2\repository\io\rsocket\rsocket-transport-netty\1.0.3\rsocket-transport-netty-1.0.3.jar;C:\Users\90542\.m2\repository\org\springframework\boot\spring-boot-starter-thymeleaf\2.3.8.BUILD-SNAPSHOT\spring-boot-starter-thymeleaf-2.3.8.BUILD-SNAPSHOT.jar;C:\Users\90542\.m2\repository\org\thymeleaf\thymeleaf-spring5\3.0.12.RELEASE\thymeleaf-spring5-3.0.12.RELEASE.jar;C:\Users\90542\.m2\repository\org\thymeleaf\thymeleaf\3.0.12.RELEASE\thymeleaf-3.0.12.RELEASE.jar;C:\Users\90542\.m2\repository\org\attoparser\attoparser\2.0.5.RELEASE\attoparser-2.0.5.RELEASE.jar;C:\Users\90542\.m2\repository\org\unbescape\unbescape\1.1.6.RELEASE\unbescape-1.1.6.RELEASE.jar;C:\Users\90542\.m2\repository\org\thymeleaf\extras\thymeleaf-extras-java8time\3.0.4.RELEASE\thymeleaf-extras-java8time-3.0.4.RELEASE.jar;C:\Users\90542\.m2\repository\org\springframework\boot\spring-boot-starter-web\2.3.8.BUILD-SNAPSHOT\spring-boot-starter-web-2.3.8.BUILD-SNAPSHOT.jar;C:\Users\90542\.m2\repository\org\springframework\boot\spring-boot-starter-tomcat\2.3.8.BUILD-SNAPSHOT\spring-boot-starter-tomcat-2.3.8.BUILD-SNAPSHOT.jar;C:\Users\90542\.m2\repository\org\apache\tomcat\embed\tomcat-embed-core\9.0.41\tomcat-embed-core-9.0.41.jar;C:\Users\90542\.m2\repository\org\glassfish\jakarta.el\3.0.3\jakarta.el-3.0.3.jar;C:\Users\90542\.m2\repository\org\apache\tomcat\embed\tomcat-embed-websocket\9.0.41\tomcat-embed-websocket-9.0.41.jar;C:\Users\90542\.m2\repository\org\springframework\spring-web\5.2.12.RELEASE\spring-web-5.2.12.RELEASE.jar;C:\Users\90542\.m2\repository\org\springframework\spring-webmvc\5.2.12.RELEASE\spring-webmvc-5.2.12.RELEASE.jar;C:\Users\90542\.m2\repository\org\springframework\spring-expression\5.2.12.RELEASE\spring-expression-5.2.12.RELEASE.jar;C:\Users\90542\.m2\repository\org\springframework\boot\spring-boot-starter-websocket\2.3.8.BUILD-SNAPSHOT\spring-boot-starter-websocket-2.3.8.BUILD-SNAPSHOT.jar;C:\Users\90542\.m2\repository\org\springframework\spring-websocket\5.2.12.RELEASE\spring-websocket-5.2.12.RELEASE.jar;C:\Users\90542\.m2\repository\org\springframework\cloud\spring-cloud-starter-oauth2\2.2.4.RELEASE\spring-cloud-starter-oauth2-2.2.4.RELEASE.jar;C:\Users\90542\.m2\repository\org\springframework\security\oauth\boot\spring-security-oauth2-autoconfigure\2.1.2.RELEASE\spring-security-oauth2-autoconfigure-2.1.2.RELEASE.jar;C:\Users\90542\.m2\repository\com\fasterxml\jackson\core\jackson-annotations\2.11.4\jackson-annotations-2.11.4.jar;C:\Users\90542\.m2\repository\com\sun\xml\bind\jaxb-core\2.3.0.1\jaxb-core-2.3.0.1.jar;C:\Users\90542\.m2\repository\com\sun\xml\bind\jaxb-impl\2.3.0.1\jaxb-impl-2.3.0.1.jar;C:\Users\90542\.m2\repository\javax\xml\bind\jaxb-api\2.3.1\jaxb-api-2.3.1.jar;C:\Users\90542\.m2\repository\javax\activation\javax.activation-api\1.2.0\javax.activation-api-1.2.0.jar;C:\Users\90542\.m2\repository\org\springframework\security\oauth\spring-security-oauth2\2.3.4.RELEASE\spring-security-oauth2-2.3.4.RELEASE.jar;C:\Users\90542\.m2\repository\commons-codec\commons-codec\1.14\commons-codec-1.14.jar;C:\Users\90542\.m2\repository\org\codehaus\jackson\jackson-mapper-asl\1.9.13\jackson-mapper-asl-1.9.13.jar;C:\Users\90542\.m2\repository\org\codehaus\jackson\jackson-core-asl\1.9.13\jackson-core-asl-1.9.13.jar;C:\Users\90542\.m2\repository\org\springframework\security\spring-security-jwt\1.0.9.RELEASE\spring-security-jwt-1.0.9.RELEASE.jar;C:\Users\90542\.m2\repository\org\bouncycastle\bcpkix-jdk15on\1.56\bcpkix-jdk15on-1.56.jar;C:\Users\90542\.m2\repository\org\bouncycastle\bcprov-jdk15on\1.56\bcprov-jdk15on-1.56.jar;C:\Users\90542\.m2\repository\org\springframework\cloud\spring-cloud-starter-security\2.2.4.RELEASE\spring-cloud-starter-security-2.2.4.RELEASE.jar;C:\Users\90542\.m2\repository\org\springframework\cloud\spring-cloud-starter\2.2.7.BUILD-SNAPSHOT\spring-cloud-starter-2.2.7.BUILD-SNAPSHOT.jar;C:\Users\90542\.m2\repository\org\springframework\cloud\spring-cloud-context\2.2.7.BUILD-SNAPSHOT\spring-cloud-context-2.2.7.BUILD-SNAPSHOT.jar;C:\Users\90542\.m2\repository\org\springframework\security\spring-security-crypto\5.3.6.RELEASE\spring-security-crypto-5.3.6.RELEASE.jar;C:\Users\90542\.m2\repository\org\springframework\cloud\spring-cloud-commons\2.2.7.BUILD-SNAPSHOT\spring-cloud-commons-2.2.7.BUILD-SNAPSHOT.jar;C:\Users\90542\.m2\repository\org\springframework\security\spring-security-rsa\1.0.9.RELEASE\spring-security-rsa-1.0.9.RELEASE.jar;C:\Users\90542\.m2\repository\org\springframework\boot\spring-boot-starter-actuator\2.3.8.BUILD-SNAPSHOT\spring-boot-starter-actuator-2.3.8.BUILD-SNAPSHOT.jar;C:\Users\90542\.m2\repository\org\springframework\boot\spring-boot-actuator-autoconfigure\2.3.8.BUILD-SNAPSHOT\spring-boot-actuator-autoconfigure-2.3.8.BUILD-SNAPSHOT.jar;C:\Users\90542\.m2\repository\org\springframework\boot\spring-boot-actuator\2.3.8.BUILD-SNAPSHOT\spring-boot-actuator-2.3.8.BUILD-SNAPSHOT.jar;C:\Users\90542\.m2\repository\io\micrometer\micrometer-core\1.5.10\micrometer-core-1.5.10.jar;C:\Users\90542\.m2\repository\org\hdrhistogram\HdrHistogram\2.1.12\HdrHistogram-2.1.12.jar;C:\Users\90542\.m2\repository\org\latencyutils\LatencyUtils\2.0.3\LatencyUtils-2.0.3.jar;C:\Users\90542\.m2\repository\org\springframework\cloud\spring-cloud-security\2.2.4.RELEASE\spring-cloud-security-2.2.4.RELEASE.jar;C:\Users\90542\.m2\repository\org\springframework\boot\spring-boot-starter-security\2.3.8.BUILD-SNAPSHOT\spring-boot-starter-security-2.3.8.BUILD-SNAPSHOT.jar;C:\Users\90542\.m2\repository\org\springframework\spring-aop\5.2.12.RELEASE\spring-aop-5.2.12.RELEASE.jar;C:\Users\90542\.m2\repository\org\springframework\security\spring-security-config\5.3.6.RELEASE\spring-security-config-5.3.6.RELEASE.jar;C:\Users\90542\.m2\repository\org\springframework\security\spring-security-core\5.3.6.RELEASE\spring-security-core-5.3.6.RELEASE.jar;C:\Users\90542\.m2\repository\org\springframework\security\spring-security-web\5.3.6.RELEASE\spring-security-web-5.3.6.RELEASE.jar;C:\Users\90542\.m2\repository\org\springframework\integration\spring-integration-amqp\5.3.4.RELEASE\spring-integration-amqp-5.3.4.RELEASE.jar;C:\Users\90542\.m2\repository\org\springframework\integration\spring-integration-http\5.3.4.RELEASE\spring-integration-http-5.3.4.RELEASE.jar;C:\Users\90542\.m2\repository\org\springframework\integration\spring-integration-jpa\5.3.4.RELEASE\spring-integration-jpa-5.3.4.RELEASE.jar;C:\Users\90542\.m2\repository\org\springframework\spring-orm\5.2.12.RELEASE\spring-orm-5.2.12.RELEASE.jar;C:\Users\90542\.m2\repository\org\springframework\integration\spring-integration-rsocket\5.3.4.RELEASE\spring-integration-rsocket-5.3.4.RELEASE.jar;C:\Users\90542\.m2\repository\org\springframework\integration\spring-integration-stomp\5.3.4.RELEASE\spring-integration-stomp-5.3.4.RELEASE.jar;C:\Users\90542\.m2\repository\org\springframework\integration\spring-integration-websocket\5.3.4.RELEASE\spring-integration-websocket-5.3.4.RELEASE.jar;C:\Users\90542\.m2\repository\org\springframework\boot\spring-boot-devtools\2.3.8.BUILD-SNAPSHOT\spring-boot-devtools-2.3.8.BUILD-SNAPSHOT.jar;C:\Users\90542\.m2\repository\org\springframework\boot\spring-boot\2.3.8.BUILD-SNAPSHOT\spring-boot-2.3.8.BUILD-SNAPSHOT.jar;C:\Users\90542\.m2\repository\org\springframework\boot\spring-boot-autoconfigure\2.3.8.BUILD-SNAPSHOT\spring-boot-autoconfigure-2.3.8.BUILD-SNAPSHOT.jar;C:\Users\90542\.m2\repository\mysql\mysql-connector-java\8.0.22\mysql-connector-java-8.0.22.jar;C:\Users\90542\.m2\repository\org\springframework\boot\spring-boot-starter-test\2.3.8.BUILD-SNAPSHOT\spring-boot-starter-test-2.3.8.BUILD-SNAPSHOT.jar;C:\Users\90542\.m2\repository\org\springframework\boot\spring-boot-test\2.3.8.BUILD-SNAPSHOT\spring-boot-test-2.3.8.BUILD-SNAPSHOT.jar;C:\Users\90542\.m2\repository\org\springframework\boot\spring-boot-test-autoconfigure\2.3.8.BUILD-SNAPSHOT\spring-boot-test-autoconfigure-2.3.8.BUILD-SNAPSHOT.jar;C:\Users\90542\.m2\repository\com\jayway\jsonpath\json-path\2.4.0\json-path-2.4.0.jar;C:\Users\90542\.m2\repository\net\minidev\json-smart\2.3\json-smart-2.3.jar;C:\Users\90542\.m2\repository\net\minidev\accessors-smart\1.2\accessors-smart-1.2.jar;C:\Users\90542\.m2\repository\org\ow2\asm\asm\5.0.4\asm-5.0.4.jar;C:\Users\90542\.m2\repository\jakarta\xml\bind\jakarta.xml.bind-api\2.3.3\jakarta.xml.bind-api-2.3.3.jar;C:\Users\90542\.m2\repository\jakarta\activation\jakarta.activation-api\1.2.2\jakarta.activation-api-1.2.2.jar;C:\Users\90542\.m2\repository\org\assertj\assertj-core\3.16.1\assertj-core-3.16.1.jar;C:\Users\90542\.m2\repository\org\hamcrest\hamcrest\2.2\hamcrest-2.2.jar;C:\Users\90542\.m2\repository\org\junit\jupiter\junit-jupiter\5.6.3\junit-jupiter-5.6.3.jar;C:\Users\90542\.m2\repository\org\junit\jupiter\junit-jupiter-api\5.6.3\junit-jupiter-api-5.6.3.jar;C:\Users\90542\.m2\repository\org\apiguardian\apiguardian-api\1.1.0\apiguardian-api-1.1.0.jar;C:\Users\90542\.m2\repository\org\opentest4j\opentest4j\1.2.0\opentest4j-1.2.0.jar;C:\Users\90542\.m2\repository\org\junit\platform\junit-platform-commons\1.6.3\junit-platform-commons-1.6.3.jar;C:\Users\90542\.m2\repository\org\junit\jupiter\junit-jupiter-params\5.6.3\junit-jupiter-params-5.6.3.jar;C:\Users\90542\.m2\repository\org\junit\jupiter\junit-jupiter-engine\5.6.3\junit-jupiter-engine-5.6.3.jar;C:\Users\90542\.m2\repository\org\junit\platform\junit-platform-engine\1.6.3\junit-platform-engine-1.6.3.jar;C:\Users\90542\.m2\repository\org\mockito\mockito-core\3.3.3\mockito-core-3.3.3.jar;C:\Users\90542\.m2\repository\net\bytebuddy\byte-buddy-agent\1.10.19\byte-buddy-agent-1.10.19.jar;C:\Users\90542\.m2\repository\org\objenesis\objenesis\2.6\objenesis-2.6.jar;C:\Users\90542\.m2\repository\org\mockito\mockito-junit-jupiter\3.3.3\mockito-junit-jupiter-3.3.3.jar;C:\Users\90542\.m2\repository\org\skyscreamer\jsonassert\1.5.0\jsonassert-1.5.0.jar;C:\Users\90542\.m2\repository\com\vaadin\external\google\android-json\0.0.20131108.vaadin1\android-json-0.0.20131108.vaadin1.jar;C:\Users\90542\.m2\repository\org\springframework\spring-core\5.2.12.RELEASE\spring-core-5.2.12.RELEASE.jar;C:\Users\90542\.m2\repository\org\springframework\spring-jcl\5.2.12.RELEASE\spring-jcl-5.2.12.RELEASE.jar;C:\Users\90542\.m2\repository\org\springframework\spring-test\5.2.12.RELEASE\spring-test-5.2.12.RELEASE.jar;C:\Users\90542\.m2\repository\org\xmlunit\xmlunit-core\2.7.0\xmlunit-core-2.7.0.jar;C:\Users\90542\.m2\repository\io\projectreactor\reactor-test\3.3.13.RELEASE\reactor-test-3.3.13.RELEASE.jar;C:\Users\90542\.m2\repository\io\projectreactor\reactor-core\3.3.13.RELEASE\reactor-core-3.3.13.RELEASE.jar;C:\Users\90542\.m2\repository\org\reactivestreams\reactive-streams\1.0.3\reactive-streams-1.0.3.jar;C:\Users\90542\.m2\repository\org\springframework\amqp\spring-rabbit-test\2.2.13.RELEASE\spring-rabbit-test-2.2.13.RELEASE.jar;C:\Users\90542\.m2\repository\org\hamcrest\hamcrest-core\2.2\hamcrest-core-2.2.jar;C:\Users\90542\.m2\repository\org\hamcrest\hamcrest-library\2.2\hamcrest-library-2.2.jar;C:\Users\90542\.m2\repository\org\springframework\amqp\spring-rabbit-junit\2.2.13.RELEASE\spring-rabbit-junit-2.2.13.RELEASE.jar;C:\Users\90542\.m2\repository\com\rabbitmq\http-client\3.2.0.RELEASE\http-client-3.2.0.RELEASE.jar;C:\Users\90542\.m2\repository\org\springframework\integration\spring-integration-test\5.3.4.RELEASE\spring-integration-test-5.3.4.RELEASE.jar;C:\Users\90542\.m2\repository\org\springframework\integration\spring-integration-test-support\5.3.4.RELEASE\spring-integration-test-support-5.3.4.RELEASE.jar;C:\Users\90542\.m2\repository\junit\junit\4.13.1\junit-4.13.1.jar;C:\Users\90542\.m2\repository\org\projectlombok\lombok\1.18.16\lombok-1.18.16.jar;C:\Users\90542\.m2\repository\org\webjars\bootstrap\4.3.1\bootstrap-4.3.1.jar;C:\Users\90542\.m2\repository\org\webjars\popper.js\1.14.3\popper.js-1.14.3.jar;C:\Users\90542\.m2\repository\org\webjars\webjars-locator-core\0.45\webjars-locator-core-0.45.jar;C:\Users\90542\.m2\repository\org\slf4j\slf4j-api\1.7.30\slf4j-api-1.7.30.jar;C:\Users\90542\.m2\repository\io\github\classgraph\classgraph\4.8.69\classgraph-4.8.69.jar;C:\Users\90542\.m2\repository\com\fasterxml\jackson\core\jackson-core\2.11.4\jackson-core-2.11.4.jar;C:\Users\90542\.m2\repository\org\webjars\sockjs-client\1.0.2\sockjs-client-1.0.2.jar;C:\Users\90542\.m2\repository\org\webjars\stomp-websocket\2.3.3\stomp-websocket-2.3.3.jar;C:\Users\90542\.m2\repository\org\webjars\jquery\3.1.1-1\jquery-3.1.1-1.jar;"/>
    <property name="java.vm.vendor" value="Oracle Corporation"/>
    <property name="sun.arch.data.model" value="64"/>
    <property name="user.variant" value=""/>
    <property name="java.vendor.url" value="http://java.oracle.com/"/>
    <property name="user.timezone" value="Asia/Istanbul"/>
    <property name="java.vm.specification.version" value="1.8"/>
    <property name="os.name" value="Windows 10"/>
    <property name="user.country" value="GB"/>
    <property name="sun.java.launcher" value="SUN_STANDARD"/>
    <property name="sun.boot.library.path" value="C:\Program Files\Java\jre1.8.0_271\bin"/>
    <property name="sun.java.command" value="C:\Users\90542\AppData\Local\Temp\surefire471904336368017002\surefirebooter6036592155560023577.jar C:\Users\90542\AppData\Local\Temp\surefire471904336368017002 2021-01-14T04-41-44_943-jvmRun1 surefire9018860837357158605tmp surefire_03051590106883796733tmp"/>
    <property name="surefire.test.class.path" value="C:\Users\90542\eclipse-workspace\ChatExampleSpringBootJava\target\test-classes;C:\Users\90542\eclipse-workspace\ChatExampleSpringBootJava\target\classes;C:\Users\90542\.m2\repository\org\springframework\boot\spring-boot-starter-amqp\2.3.8.BUILD-SNAPSHOT\spring-boot-starter-amqp-2.3.8.BUILD-SNAPSHOT.jar;C:\Users\90542\.m2\repository\org\springframework\boot\spring-boot-starter\2.3.8.BUILD-SNAPSHOT\spring-boot-starter-2.3.8.BUILD-SNAPSHOT.jar;C:\Users\90542\.m2\repository\org\springframework\boot\spring-boot-starter-logging\2.3.8.BUILD-SNAPSHOT\spring-boot-starter-logging-2.3.8.BUILD-SNAPSHOT.jar;C:\Users\90542\.m2\repository\ch\qos\logback\logback-classic\1.2.3\logback-classic-1.2.3.jar;C:\Users\90542\.m2\repository\ch\qos\logback\logback-core\1.2.3\logback-core-1.2.3.jar;C:\Users\90542\.m2\repository\org\apache\logging\log4j\log4j-to-slf4j\2.13.3\log4j-to-slf4j-2.13.3.jar;C:\Users\90542\.m2\repository\org\apache\logging\log4j\log4j-api\2.13.3\log4j-api-2.13.3.jar;C:\Users\90542\.m2\repository\org\slf4j\jul-to-slf4j\1.7.30\jul-to-slf4j-1.7.30.jar;C:\Users\90542\.m2\repository\jakarta\annotation\jakarta.annotation-api\1.3.5\jakarta.annotation-api-1.3.5.jar;C:\Users\90542\.m2\repository\org\yaml\snakeyaml\1.26\snakeyaml-1.26.jar;C:\Users\90542\.m2\repository\org\springframework\spring-messaging\5.2.12.RELEASE\spring-messaging-5.2.12.RELEASE.jar;C:\Users\90542\.m2\repository\org\springframework\spring-beans\5.2.12.RELEASE\spring-beans-5.2.12.RELEASE.jar;C:\Users\90542\.m2\repository\org\springframework\amqp\spring-rabbit\2.2.13.RELEASE\spring-rabbit-2.2.13.RELEASE.jar;C:\Users\90542\.m2\repository\com\rabbitmq\amqp-client\5.9.0\amqp-client-5.9.0.jar;C:\Users\90542\.m2\repository\org\springframework\amqp\spring-amqp\2.2.13.RELEASE\spring-amqp-2.2.13.RELEASE.jar;C:\Users\90542\.m2\repository\org\springframework\spring-context\5.2.12.RELEASE\spring-context-5.2.12.RELEASE.jar;C:\Users\90542\.m2\repository\org\springframework\spring-tx\5.2.12.RELEASE\spring-tx-5.2.12.RELEASE.jar;C:\Users\90542\.m2\repository\org\springframework\boot\spring-boot-starter-data-jpa\2.3.8.BUILD-SNAPSHOT\spring-boot-starter-data-jpa-2.3.8.BUILD-SNAPSHOT.jar;C:\Users\90542\.m2\repository\org\springframework\boot\spring-boot-starter-aop\2.3.8.BUILD-SNAPSHOT\spring-boot-starter-aop-2.3.8.BUILD-SNAPSHOT.jar;C:\Users\90542\.m2\repository\org\aspectj\aspectjweaver\1.9.6\aspectjweaver-1.9.6.jar;C:\Users\90542\.m2\repository\org\springframework\boot\spring-boot-starter-jdbc\2.3.8.BUILD-SNAPSHOT\spring-boot-starter-jdbc-2.3.8.BUILD-SNAPSHOT.jar;C:\Users\90542\.m2\repository\com\zaxxer\HikariCP\3.4.5\HikariCP-3.4.5.jar;C:\Users\90542\.m2\repository\org\springframework\spring-jdbc\5.2.12.RELEASE\spring-jdbc-5.2.12.RELEASE.jar;C:\Users\90542\.m2\repository\jakarta\transaction\jakarta.transaction-api\1.3.3\jakarta.transaction-api-1.3.3.jar;C:\Users\90542\.m2\repository\jakarta\persistence\jakarta.persistence-api\2.2.3\jakarta.persistence-api-2.2.3.jar;C:\Users\90542\.m2\repository\org\hibernate\hibernate-core\5.4.27.Final\hibernate-core-5.4.27.Final.jar;C:\Users\90542\.m2\repository\org\jboss\logging\jboss-logging\3.4.1.Final\jboss-logging-3.4.1.Final.jar;C:\Users\90542\.m2\repository\org\javassist\javassist\3.27.0-GA\javassist-3.27.0-GA.jar;C:\Users\90542\.m2\repository\net\bytebuddy\byte-buddy\1.10.19\byte-buddy-1.10.19.jar;C:\Users\90542\.m2\repository\antlr\antlr\2.7.7\antlr-2.7.7.jar;C:\Users\90542\.m2\repository\org\jboss\jandex\2.1.3.Final\jandex-2.1.3.Final.jar;C:\Users\90542\.m2\repository\com\fasterxml\classmate\1.5.1\classmate-1.5.1.jar;C:\Users\90542\.m2\repository\org\dom4j\dom4j\2.1.3\dom4j-2.1.3.jar;C:\Users\90542\.m2\repository\org\hibernate\common\hibernate-commons-annotations\5.1.2.Final\hibernate-commons-annotations-5.1.2.Final.jar;C:\Users\90542\.m2\repository\org\glassfish\jaxb\jaxb-runtime\2.3.3\jaxb-runtime-2.3.3.jar;C:\Users\90542\.m2\repository\org\glassfish\jaxb\txw2\2.3.3\txw2-2.3.3.jar;C:\Users\90542\.m2\repository\com\sun\istack\istack-commons-runtime\3.0.11\istack-commons-runtime-3.0.11.jar;C:\Users\90542\.m2\repository\com\sun\activation\jakarta.activation\1.2.2\jakarta.activation-1.2.2.jar;C:\Users\90542\.m2\repository\org\springframework\data\spring-data-jpa\2.3.6.RELEASE\spring-data-jpa-2.3.6.RELEASE.jar;C:\Users\90542\.m2\repository\org\springframework\data\spring-data-commons\2.3.6.RELEASE\spring-data-commons-2.3.6.RELEASE.jar;C:\Users\90542\.m2\repository\org\springframework\spring-aspects\5.2.12.RELEASE\spring-aspects-5.2.12.RELEASE.jar;C:\Users\90542\.m2\repository\org\springframework\boot\spring-boot-starter-integration\2.3.8.BUILD-SNAPSHOT\spring-boot-starter-integration-2.3.8.BUILD-SNAPSHOT.jar;C:\Users\90542\.m2\repository\org\springframework\integration\spring-integration-core\5.3.4.RELEASE\spring-integration-core-5.3.4.RELEASE.jar;C:\Users\90542\.m2\repository\org\springframework\retry\spring-retry\1.2.5.RELEASE\spring-retry-1.2.5.RELEASE.jar;C:\Users\90542\.m2\repository\org\springframework\boot\spring-boot-starter-rsocket\2.3.8.BUILD-SNAPSHOT\spring-boot-starter-rsocket-2.3.8.BUILD-SNAPSHOT.jar;C:\Users\90542\.m2\repository\org\springframework\boot\spring-boot-starter-json\2.3.8.BUILD-SNAPSHOT\spring-boot-starter-json-2.3.8.BUILD-SNAPSHOT.jar;C:\Users\90542\.m2\repository\com\fasterxml\jackson\core\jackson-databind\2.11.4\jackson-databind-2.11.4.jar;C:\Users\90542\.m2\repository\com\fasterxml\jackson\datatype\jackson-datatype-jdk8\2.11.4\jackson-datatype-jdk8-2.11.4.jar;C:\Users\90542\.m2\repository\com\fasterxml\jackson\datatype\jackson-datatype-jsr310\2.11.4\jackson-datatype-jsr310-2.11.4.jar;C:\Users\90542\.m2\repository\com\fasterxml\jackson\module\jackson-module-parameter-names\2.11.4\jackson-module-parameter-names-2.11.4.jar;C:\Users\90542\.m2\repository\org\springframework\boot\spring-boot-starter-reactor-netty\2.3.8.BUILD-SNAPSHOT\spring-boot-starter-reactor-netty-2.3.8.BUILD-SNAPSHOT.jar;C:\Users\90542\.m2\repository\io\projectreactor\netty\reactor-netty\0.9.16.RELEASE\reactor-netty-0.9.16.RELEASE.jar;C:\Users\90542\.m2\repository\io\netty\netty-codec-http\4.1.56.Final\netty-codec-http-4.1.56.Final.jar;C:\Users\90542\.m2\repository\io\netty\netty-transport\4.1.56.Final\netty-transport-4.1.56.Final.jar;C:\Users\90542\.m2\repository\io\netty\netty-codec\4.1.56.Final\netty-codec-4.1.56.Final.jar;C:\Users\90542\.m2\repository\io\netty\netty-codec-http2\4.1.56.Final\netty-codec-http2-4.1.56.Final.jar;C:\Users\90542\.m2\repository\io\netty\netty-handler\4.1.56.Final\netty-handler-4.1.56.Final.jar;C:\Users\90542\.m2\repository\io\netty\netty-resolver\4.1.56.Final\netty-resolver-4.1.56.Final.jar;C:\Users\90542\.m2\repository\io\netty\netty-handler-proxy\4.1.56.Final\netty-handler-proxy-4.1.56.Final.jar;C:\Users\90542\.m2\repository\io\netty\netty-codec-socks\4.1.56.Final\netty-codec-socks-4.1.56.Final.jar;C:\Users\90542\.m2\repository\io\netty\netty-transport-native-epoll\4.1.56.Final\netty-transport-native-epoll-4.1.56.Final-linux-x86_64.jar;C:\Users\90542\.m2\repository\io\netty\netty-transport-native-unix-common\4.1.56.Final\netty-transport-native-unix-common-4.1.56.Final.jar;C:\Users\90542\.m2\repository\com\fasterxml\jackson\dataformat\jackson-dataformat-cbor\2.11.4\jackson-dataformat-cbor-2.11.4.jar;C:\Users\90542\.m2\repository\io\rsocket\rsocket-core\1.0.3\rsocket-core-1.0.3.jar;C:\Users\90542\.m2\repository\io\netty\netty-buffer\4.1.56.Final\netty-buffer-4.1.56.Final.jar;C:\Users\90542\.m2\repository\io\netty\netty-common\4.1.56.Final\netty-common-4.1.56.Final.jar;C:\Users\90542\.m2\repository\io\rsocket\rsocket-transport-netty\1.0.3\rsocket-transport-netty-1.0.3.jar;C:\Users\90542\.m2\repository\org\springframework\boot\spring-boot-starter-thymeleaf\2.3.8.BUILD-SNAPSHOT\spring-boot-starter-thymeleaf-2.3.8.BUILD-SNAPSHOT.jar;C:\Users\90542\.m2\repository\org\thymeleaf\thymeleaf-spring5\3.0.12.RELEASE\thymeleaf-spring5-3.0.12.RELEASE.jar;C:\Users\90542\.m2\repository\org\thymeleaf\thymeleaf\3.0.12.RELEASE\thymeleaf-3.0.12.RELEASE.jar;C:\Users\90542\.m2\repository\org\attoparser\attoparser\2.0.5.RELEASE\attoparser-2.0.5.RELEASE.jar;C:\Users\90542\.m2\repository\org\unbescape\unbescape\1.1.6.RELEASE\unbescape-1.1.6.RELEASE.jar;C:\Users\90542\.m2\repository\org\thymeleaf\extras\thymeleaf-extras-java8time\3.0.4.RELEASE\thymeleaf-extras-java8time-3.0.4.RELEASE.jar;C:\Users\90542\.m2\repository\org\springframework\boot\spring-boot-starter-web\2.3.8.BUILD-SNAPSHOT\spring-boot-starter-web-2.3.8.BUILD-SNAPSHOT.jar;C:\Users\90542\.m2\repository\org\springframework\boot\spring-boot-starter-tomcat\2.3.8.BUILD-SNAPSHOT\spring-boot-starter-tomcat-2.3.8.BUILD-SNAPSHOT.jar;C:\Users\90542\.m2\repository\org\apache\tomcat\embed\tomcat-embed-core\9.0.41\tomcat-embed-core-9.0.41.jar;C:\Users\90542\.m2\repository\org\glassfish\jakarta.el\3.0.3\jakarta.el-3.0.3.jar;C:\Users\90542\.m2\repository\org\apache\tomcat\embed\tomcat-embed-websocket\9.0.41\tomcat-embed-websocket-9.0.41.jar;C:\Users\90542\.m2\repository\org\springframework\spring-web\5.2.12.RELEASE\spring-web-5.2.12.RELEASE.jar;C:\Users\90542\.m2\repository\org\springframework\spring-webmvc\5.2.12.RELEASE\spring-webmvc-5.2.12.RELEASE.jar;C:\Users\90542\.m2\repository\org\springframework\spring-expression\5.2.12.RELEASE\spring-expression-5.2.12.RELEASE.jar;C:\Users\90542\.m2\repository\org\springframework\boot\spring-boot-starter-websocket\2.3.8.BUILD-SNAPSHOT\spring-boot-starter-websocket-2.3.8.BUILD-SNAPSHOT.jar;C:\Users\90542\.m2\repository\org\springframework\spring-websocket\5.2.12.RELEASE\spring-websocket-5.2.12.RELEASE.jar;C:\Users\90542\.m2\repository\org\springframework\cloud\spring-cloud-starter-oauth2\2.2.4.RELEASE\spring-cloud-starter-oauth2-2.2.4.RELEASE.jar;C:\Users\90542\.m2\repository\org\springframework\security\oauth\boot\spring-security-oauth2-autoconfigure\2.1.2.RELEASE\spring-security-oauth2-autoconfigure-2.1.2.RELEASE.jar;C:\Users\90542\.m2\repository\com\fasterxml\jackson\core\jackson-annotations\2.11.4\jackson-annotations-2.11.4.jar;C:\Users\90542\.m2\repository\com\sun\xml\bind\jaxb-core\2.3.0.1\jaxb-core-2.3.0.1.jar;C:\Users\90542\.m2\repository\com\sun\xml\bind\jaxb-impl\2.3.0.1\jaxb-impl-2.3.0.1.jar;C:\Users\90542\.m2\repository\javax\xml\bind\jaxb-api\2.3.1\jaxb-api-2.3.1.jar;C:\Users\90542\.m2\repository\javax\activation\javax.activation-api\1.2.0\javax.activation-api-1.2.0.jar;C:\Users\90542\.m2\repository\org\springframework\security\oauth\spring-security-oauth2\2.3.4.RELEASE\spring-security-oauth2-2.3.4.RELEASE.jar;C:\Users\90542\.m2\repository\commons-codec\commons-codec\1.14\commons-codec-1.14.jar;C:\Users\90542\.m2\repository\org\codehaus\jackson\jackson-mapper-asl\1.9.13\jackson-mapper-asl-1.9.13.jar;C:\Users\90542\.m2\repository\org\codehaus\jackson\jackson-core-asl\1.9.13\jackson-core-asl-1.9.13.jar;C:\Users\90542\.m2\repository\org\springframework\security\spring-security-jwt\1.0.9.RELEASE\spring-security-jwt-1.0.9.RELEASE.jar;C:\Users\90542\.m2\repository\org\bouncycastle\bcpkix-jdk15on\1.56\bcpkix-jdk15on-1.56.jar;C:\Users\90542\.m2\repository\org\bouncycastle\bcprov-jdk15on\1.56\bcprov-jdk15on-1.56.jar;C:\Users\90542\.m2\repository\org\springframework\cloud\spring-cloud-starter-security\2.2.4.RELEASE\spring-cloud-starter-security-2.2.4.RELEASE.jar;C:\Users\90542\.m2\repository\org\springframework\cloud\spring-cloud-starter\2.2.7.BUILD-SNAPSHOT\spring-cloud-starter-2.2.7.BUILD-SNAPSHOT.jar;C:\Users\90542\.m2\repository\org\springframework\cloud\spring-cloud-context\2.2.7.BUILD-SNAPSHOT\spring-cloud-context-2.2.7.BUILD-SNAPSHOT.jar;C:\Users\90542\.m2\repository\org\springframework\security\spring-security-crypto\5.3.6.RELEASE\spring-security-crypto-5.3.6.RELEASE.jar;C:\Users\90542\.m2\repository\org\springframework\cloud\spring-cloud-commons\2.2.7.BUILD-SNAPSHOT\spring-cloud-commons-2.2.7.BUILD-SNAPSHOT.jar;C:\Users\90542\.m2\repository\org\springframework\security\spring-security-rsa\1.0.9.RELEASE\spring-security-rsa-1.0.9.RELEASE.jar;C:\Users\90542\.m2\repository\org\springframework\boot\spring-boot-starter-actuator\2.3.8.BUILD-SNAPSHOT\spring-boot-starter-actuator-2.3.8.BUILD-SNAPSHOT.jar;C:\Users\90542\.m2\repository\org\springframework\boot\spring-boot-actuator-autoconfigure\2.3.8.BUILD-SNAPSHOT\spring-boot-actuator-autoconfigure-2.3.8.BUILD-SNAPSHOT.jar;C:\Users\90542\.m2\repository\org\springframework\boot\spring-boot-actuator\2.3.8.BUILD-SNAPSHOT\spring-boot-actuator-2.3.8.BUILD-SNAPSHOT.jar;C:\Users\90542\.m2\repository\io\micrometer\micrometer-core\1.5.10\micrometer-core-1.5.10.jar;C:\Users\90542\.m2\repository\org\hdrhistogram\HdrHistogram\2.1.12\HdrHistogram-2.1.12.jar;C:\Users\90542\.m2\repository\org\latencyutils\LatencyUtils\2.0.3\LatencyUtils-2.0.3.jar;C:\Users\90542\.m2\repository\org\springframework\cloud\spring-cloud-security\2.2.4.RELEASE\spring-cloud-security-2.2.4.RELEASE.jar;C:\Users\90542\.m2\repository\org\springframework\boot\spring-boot-starter-security\2.3.8.BUILD-SNAPSHOT\spring-boot-starter-security-2.3.8.BUILD-SNAPSHOT.jar;C:\Users\90542\.m2\repository\org\springframework\spring-aop\5.2.12.RELEASE\spring-aop-5.2.12.RELEASE.jar;C:\Users\90542\.m2\repository\org\springframework\security\spring-security-config\5.3.6.RELEASE\spring-security-config-5.3.6.RELEASE.jar;C:\Users\90542\.m2\repository\org\springframework\security\spring-security-core\5.3.6.RELEASE\spring-security-core-5.3.6.RELEASE.jar;C:\Users\90542\.m2\repository\org\springframework\security\spring-security-web\5.3.6.RELEASE\spring-security-web-5.3.6.RELEASE.jar;C:\Users\90542\.m2\repository\org\springframework\integration\spring-integration-amqp\5.3.4.RELEASE\spring-integration-amqp-5.3.4.RELEASE.jar;C:\Users\90542\.m2\repository\org\springframework\integration\spring-integration-http\5.3.4.RELEASE\spring-integration-http-5.3.4.RELEASE.jar;C:\Users\90542\.m2\repository\org\springframework\integration\spring-integration-jpa\5.3.4.RELEASE\spring-integration-jpa-5.3.4.RELEASE.jar;C:\Users\90542\.m2\repository\org\springframework\spring-orm\5.2.12.RELEASE\spring-orm-5.2.12.RELEASE.jar;C:\Users\90542\.m2\repository\org\springframework\integration\spring-integration-rsocket\5.3.4.RELEASE\spring-integration-rsocket-5.3.4.RELEASE.jar;C:\Users\90542\.m2\repository\org\springframework\integration\spring-integration-stomp\5.3.4.RELEASE\spring-integration-stomp-5.3.4.RELEASE.jar;C:\Users\90542\.m2\repository\org\springframework\integration\spring-integration-websocket\5.3.4.RELEASE\spring-integration-websocket-5.3.4.RELEASE.jar;C:\Users\90542\.m2\repository\org\springframework\boot\spring-boot-devtools\2.3.8.BUILD-SNAPSHOT\spring-boot-devtools-2.3.8.BUILD-SNAPSHOT.jar;C:\Users\90542\.m2\repository\org\springframework\boot\spring-boot\2.3.8.BUILD-SNAPSHOT\spring-boot-2.3.8.BUILD-SNAPSHOT.jar;C:\Users\90542\.m2\repository\org\springframework\boot\spring-boot-autoconfigure\2.3.8.BUILD-SNAPSHOT\spring-boot-autoconfigure-2.3.8.BUILD-SNAPSHOT.jar;C:\Users\90542\.m2\repository\mysql\mysql-connector-java\8.0.22\mysql-connector-java-8.0.22.jar;C:\Users\90542\.m2\repository\org\springframework\boot\spring-boot-starter-test\2.3.8.BUILD-SNAPSHOT\spring-boot-starter-test-2.3.8.BUILD-SNAPSHOT.jar;C:\Users\90542\.m2\repository\org\springframework\boot\spring-boot-test\2.3.8.BUILD-SNAPSHOT\spring-boot-test-2.3.8.BUILD-SNAPSHOT.jar;C:\Users\90542\.m2\repository\org\springframework\boot\spring-boot-test-autoconfigure\2.3.8.BUILD-SNAPSHOT\spring-boot-test-autoconfigure-2.3.8.BUILD-SNAPSHOT.jar;C:\Users\90542\.m2\repository\com\jayway\jsonpath\json-path\2.4.0\json-path-2.4.0.jar;C:\Users\90542\.m2\repository\net\minidev\json-smart\2.3\json-smart-2.3.jar;C:\Users\90542\.m2\repository\net\minidev\accessors-smart\1.2\accessors-smart-1.2.jar;C:\Users\90542\.m2\repository\org\ow2\asm\asm\5.0.4\asm-5.0.4.jar;C:\Users\90542\.m2\repository\jakarta\xml\bind\jakarta.xml.bind-api\2.3.3\jakarta.xml.bind-api-2.3.3.jar;C:\Users\90542\.m2\repository\jakarta\activation\jakarta.activation-api\1.2.2\jakarta.activation-api-1.2.2.jar;C:\Users\90542\.m2\repository\org\assertj\assertj-core\3.16.1\assertj-core-3.16.1.jar;C:\Users\90542\.m2\repository\org\hamcrest\hamcrest\2.2\hamcrest-2.2.jar;C:\Users\90542\.m2\repository\org\junit\jupiter\junit-jupiter\5.6.3\junit-jupiter-5.6.3.jar;C:\Users\90542\.m2\repository\org\junit\jupiter\junit-jupiter-api\5.6.3\junit-jupiter-api-5.6.3.jar;C:\Users\90542\.m2\repository\org\apiguardian\apiguardian-api\1.1.0\apiguardian-api-1.1.0.jar;C:\Users\90542\.m2\repository\org\opentest4j\opentest4j\1.2.0\opentest4j-1.2.0.jar;C:\Users\90542\.m2\repository\org\junit\platform\junit-platform-commons\1.6.3\junit-platform-commons-1.6.3.jar;C:\Users\90542\.m2\repository\org\junit\jupiter\junit-jupiter-params\5.6.3\junit-jupiter-params-5.6.3.jar;C:\Users\90542\.m2\repository\org\junit\jupiter\junit-jupiter-engine\5.6.3\junit-jupiter-engine-5.6.3.jar;C:\Users\90542\.m2\repository\org\junit\platform\junit-platform-engine\1.6.3\junit-platform-engine-1.6.3.jar;C:\Users\90542\.m2\repository\org\mockito\mockito-core\3.3.3\mockito-core-3.3.3.jar;C:\Users\90542\.m2\repository\net\bytebuddy\byte-buddy-agent\1.10.19\byte-buddy-agent-1.10.19.jar;C:\Users\90542\.m2\repository\org\objenesis\objenesis\2.6\objenesis-2.6.jar;C:\Users\90542\.m2\repository\org\mockito\mockito-junit-jupiter\3.3.3\mockito-junit-jupiter-3.3.3.jar;C:\Users\90542\.m2\repository\org\skyscreamer\jsonassert\1.5.0\jsonassert-1.5.0.jar;C:\Users\90542\.m2\repository\com\vaadin\external\google\android-json\0.0.20131108.vaadin1\android-json-0.0.20131108.vaadin1.jar;C:\Users\90542\.m2\repository\org\springframework\spring-core\5.2.12.RELEASE\spring-core-5.2.12.RELEASE.jar;C:\Users\90542\.m2\repository\org\springframework\spring-jcl\5.2.12.RELEASE\spring-jcl-5.2.12.RELEASE.jar;C:\Users\90542\.m2\repository\org\springframework\spring-test\5.2.12.RELEASE\spring-test-5.2.12.RELEASE.jar;C:\Users\90542\.m2\repository\org\xmlunit\xmlunit-core\2.7.0\xmlunit-core-2.7.0.jar;C:\Users\90542\.m2\repository\io\projectreactor\reactor-test\3.3.13.RELEASE\reactor-test-3.3.13.RELEASE.jar;C:\Users\90542\.m2\repository\io\projectreactor\reactor-core\3.3.13.RELEASE\reactor-core-3.3.13.RELEASE.jar;C:\Users\90542\.m2\repository\org\reactivestreams\reactive-streams\1.0.3\reactive-streams-1.0.3.jar;C:\Users\90542\.m2\repository\org\springframework\amqp\spring-rabbit-test\2.2.13.RELEASE\spring-rabbit-test-2.2.13.RELEASE.jar;C:\Users\90542\.m2\repository\org\hamcrest\hamcrest-core\2.2\hamcrest-core-2.2.jar;C:\Users\90542\.m2\repository\org\hamcrest\hamcrest-library\2.2\hamcrest-library-2.2.jar;C:\Users\90542\.m2\repository\org\springframework\amqp\spring-rabbit-junit\2.2.13.RELEASE\spring-rabbit-junit-2.2.13.RELEASE.jar;C:\Users\90542\.m2\repository\com\rabbitmq\http-client\3.2.0.RELEASE\http-client-3.2.0.RELEASE.jar;C:\Users\90542\.m2\repository\org\springframework\integration\spring-integration-test\5.3.4.RELEASE\spring-integration-test-5.3.4.RELEASE.jar;C:\Users\90542\.m2\repository\org\springframework\integration\spring-integration-test-support\5.3.4.RELEASE\spring-integration-test-support-5.3.4.RELEASE.jar;C:\Users\90542\.m2\repository\junit\junit\4.13.1\junit-4.13.1.jar;C:\Users\90542\.m2\repository\org\projectlombok\lombok\1.18.16\lombok-1.18.16.jar;C:\Users\90542\.m2\repository\org\webjars\bootstrap\4.3.1\bootstrap-4.3.1.jar;C:\Users\90542\.m2\repository\org\webjars\popper.js\1.14.3\popper.js-1.14.3.jar;C:\Users\90542\.m2\repository\org\webjars\webjars-locator-core\0.45\webjars-locator-core-0.45.jar;C:\Users\90542\.m2\repository\org\slf4j\slf4j-api\1.7.30\slf4j-api-1.7.30.jar;C:\Users\90542\.m2\repository\io\github\classgraph\classgraph\4.8.69\classgraph-4.8.69.jar;C:\Users\90542\.m2\repository\com\fasterxml\jackson\core\jackson-core\2.11.4\jackson-core-2.11.4.jar;C:\Users\90542\.m2\repository\org\webjars\sockjs-client\1.0.2\sockjs-client-1.0.2.jar;C:\Users\90542\.m2\repository\org\webjars\stomp-websocket\2.3.3\stomp-websocket-2.3.3.jar;C:\Users\90542\.m2\repository\org\webjars\jquery\3.1.1-1\jquery-3.1.1-1.jar;"/>
    <property name="sun.cpu.endian" value="little"/>
    <property name="user.home" value="C:\Users\90542"/>
    <property name="user.language" value="en"/>
    <property name="java.specification.vendor" value="Oracle Corporation"/>
    <property name="java.home" value="C:\Program Files\Java\jre1.8.0_271"/>
    <property name="basedir" value="C:\Users\90542\eclipse-workspace\ChatExampleSpringBootJava"/>
    <property name="file.separator" value="\"/>
    <property name="line.separator" value="&#10;"/>
    <property name="java.vm.specification.vendor" value="Oracle Corporation"/>
    <property name="java.specification.name" value="Java Platform API Specification"/>
    <property name="java.awt.graphicsenv" value="sun.awt.Win32GraphicsEnvironment"/>
    <property name="surefire.real.class.path" value="C:\Users\90542\AppData\Local\Temp\surefire471904336368017002\surefirebooter6036592155560023577.jar"/>
    <property name="sun.boot.class.path" value="C:\Program Files\Java\jre1.8.0_271\lib\resources.jar;C:\Program Files\Java\jre1.8.0_271\lib\rt.jar;C:\Program Files\Java\jre1.8.0_271\lib\sunrsasign.jar;C:\Program Files\Java\jre1.8.0_271\lib\jsse.jar;C:\Program Files\Java\jre1.8.0_271\lib\jce.jar;C:\Program Files\Java\jre1.8.0_271\lib\charsets.jar;C:\Program Files\Java\jre1.8.0_271\lib\jfr.jar;C:\Program Files\Java\jre1.8.0_271\classes"/>
    <property name="user.script" value=""/>
    <property name="sun.management.compiler" value="HotSpot 64-Bit Tiered Compilers"/>
    <property name="java.runtime.version" value="1.8.0_271-b09"/>
    <property name="user.name" value="90542"/>
    <property name="path.separator" value=";"/>
    <property name="os.version" value="10.0"/>
    <property name="java.endorsed.dirs" value="C:\Program Files\Java\jre1.8.0_271\lib\endorsed"/>
    <property name="java.runtime.name" value="Java(TM) SE Runtime Environment"/>
    <property name="file.encoding" value="Cp1252"/>
    <property name="java.vm.name" value="Java HotSpot(TM) 64-Bit Server VM"/>
    <property name="localRepository" value="C:\Users\90542\.m2\repository"/>
    <property name="java.vendor.url.bug" value="http://bugreport.sun.com/bugreport/"/>
    <property name="java.io.tmpdir" value="C:\Users\90542\AppData\Local\Temp\"/>
    <property name="java.version" value="1.8.0_271"/>
    <property name="user.dir" value="C:\Users\90542\eclipse-workspace\ChatExampleSpringBootJava"/>
    <property name="os.arch" value="amd64"/>
    <property name="java.vm.specification.name" value="Java Virtual Machine Specification"/>
    <property name="java.awt.printerjob" value="sun.awt.windows.WPrinterJob"/>
    <property name="sun.os.patch.level" value=""/>
    <property name="java.library.path" value="C:\Program Files\Java\jre1.8.0_271\bin;C:\WINDOWS\Sun\Java\bin;C:\WINDOWS\system32;C:\WINDOWS;C:/Program Files/Java/jre1.8.0_271/bin/server;C:/Program Files/Java/jre1.8.0_271/bin;C:/Program Files/Java/jre1.8.0_271/lib/amd64;C:\Program Files (x86)\Common Files\Oracle\Java\javapath;C:\Windows\system32;C:\Windows;C:\Windows\System32\Wbem;C:\Windows\System32\WindowsPowerShell\v1.0\;C:\Windows\System32\OpenSSH\;C:\Program Files (x86)\NVIDIA Corporation\PhysX\Common;C:\Program Files\NVIDIA Corporation\NVIDIA NvDLISR;C:\WINDOWS\system32;C:\WINDOWS;C:\WINDOWS\System32\Wbem;C:\WINDOWS\System32\WindowsPowerShell\v1.0\;C:\WINDOWS\System32\OpenSSH\;C:\Program Files\dotnet\;C:\Program Files\Microsoft SQL Server\130\Tools\Binn\;C:\Program Files\Microsoft SQL Server\Client SDK\ODBC\170\Tools\Binn\;C:\Program Files\Java\jdk1.8.0_271\bin;;C:\Program Files\Docker\Docker\resources\bin;C:\ProgramData\DockerDesktop\version-bin;C:\Program Files\MySQL\MySQL Shell 8.0\bin\;C:\Users\90542\AppData\Local\Microsoft\WindowsApps;C:\Users\90542\.dotnet\tools;C:\WINDOWS\system32;;."/>
    <property name="java.vm.info" value="mixed mode"/>
    <property name="java.vendor" value="Oracle Corporation"/>
    <property name="java.vm.version" value="25.271-b09"/>
    <property name="java.ext.dirs" value="C:\Program Files\Java\jre1.8.0_271\lib\ext;C:\WINDOWS\Sun\Java\lib\ext"/>
    <property name="sun.io.unicode.encoding" value="UnicodeLittle"/>
    <property name="java.class.version" value="52.0"/>
  </properties>
  <testcase name="test" classname="net.javaguides.springboot.api.UserControllerTest" time="0"/>
</testsuite>